<?xml version="1.0" encoding="UTF-8"?>
<TestRun id="5860baf1-6b71-4ccc-b6f2-f9cab9e211ea" name="Victor@VICTOR-HP 2012-05-12 20:27:40" runUser="Victor-HP\Victor" xmlns="http://microsoft.com/schemas/VisualStudio/TeamTest/2010">
  <TestSettings name="Configuración de pruebas predeterminada" id="fac3ac48-cd69-467e-8f9b-edab0bcd0523">
    <Execution>
      <TestTypeSpecific />
      <AgentRule name="Execution Agents">
      </AgentRule>
    </Execution>
    <Deployment runDeploymentRoot="Victor_VICTOR-HP 2012-05-12 20_27_40" />
  </TestSettings>
  <Times creation="2012-05-12T20:27:40.9955551-03:00" queuing="2012-05-12T20:27:45.9738399-03:00" start="2012-05-12T20:27:46.2768572-03:00" finish="2012-05-12T20:27:50.3150882-03:00" />
  <ResultSummary outcome="Completed">
    <Counters total="1" executed="1" passed="1" error="0" failed="0" timeout="0" aborted="0" inconclusive="0" passedButRunAborted="0" notRunnable="0" notExecuted="0" disconnected="0" warning="0" completed="0" inProgress="0" pending="0" />
  </ResultSummary>
  <TestDefinitions>
    <UnitTest name="TestMethod1" storage="c:\users\victor\documents\mi trabajo\particular\.net base\ejemplos\modulo 7\modulo 7\7 - unittestforwfprogram\bin\debug\unittestforwfprogram.dll" id="ff9e8c38-f44a-df59-e325-7ba9c28a0312">
      <Execution id="38ae2b89-0b0a-40b3-8c66-39cacaa855f0" />
      <TestMethod codeBase="C:/Users/Victor/Documents/Mi Trabajo/PARTICULAR/.NET Base/Ejemplos/Modulo 7/Modulo 7/7 - UnitTestForWFProgram/bin/Debug/UnitTestForWFProgram.DLL" adapterTypeName="Microsoft.VisualStudio.TestTools.TestTypes.Unit.UnitTestAdapter, Microsoft.VisualStudio.QualityTools.Tips.UnitTest.Adapter, Version=10.0.0.0, Culture=neutral, PublicKeyToken=b03f5f7f11d50a3a" className="UnitTestForWFProgram.UnitTest1, UnitTestForWFProgram, Version=1.0.0.0, Culture=neutral, PublicKeyToken=null" name="TestMethod1" />
    </UnitTest>
  </TestDefinitions>
  <TestLists>
    <TestList name="Resultados que no están en la lista" id="8c84fa94-04c1-424b-9868-57a2d4851a1d" />
    <TestList name="Todos los resultados cargados" id="19431567-8539-422a-85d7-44ee4e166bda" />
  </TestLists>
  <TestEntries>
    <TestEntry testId="ff9e8c38-f44a-df59-e325-7ba9c28a0312" executionId="38ae2b89-0b0a-40b3-8c66-39cacaa855f0" testListId="8c84fa94-04c1-424b-9868-57a2d4851a1d" />
  </TestEntries>
  <Results>
    <UnitTestResult executionId="38ae2b89-0b0a-40b3-8c66-39cacaa855f0" testId="ff9e8c38-f44a-df59-e325-7ba9c28a0312" testName="TestMethod1" computerName="VICTOR-HP" duration="00:00:00.8356624" startTime="2012-05-12T20:27:46.3948640-03:00" endTime="2012-05-12T20:27:50.0320720-03:00" testType="13cdc9d9-ddb5-4fa4-a97d-d965ccfc6d4b" outcome="Passed" testListId="8c84fa94-04c1-424b-9868-57a2d4851a1d" relativeResultsDirectory="38ae2b89-0b0a-40b3-8c66-39cacaa855f0">
    </UnitTestResult>
  </Results>
</TestRun>