<?xml version="1.0" encoding="UTF-8"?>
<TestRun id="e569ac39-1b85-48d4-8248-38e89b37ee29" name="Victor@VICTOR-HP 2012-06-11 23:16:19" runUser="Victor-HP\Victor" xmlns="http://microsoft.com/schemas/VisualStudio/TeamTest/2010">
  <TestSettings name="Configuración de pruebas predeterminada" id="bff91490-3770-48e8-8638-176747984d62">
    <Execution>
      <TestTypeSpecific />
      <AgentRule name="Execution Agents">
      </AgentRule>
    </Execution>
    <Deployment runDeploymentRoot="Victor_VICTOR-HP 2012-06-11 23_16_19" />
  </TestSettings>
  <Times creation="2012-06-11T23:16:19.9047932-03:00" queuing="2012-06-11T23:16:25.7631283-03:00" start="2012-06-11T23:16:26.2521562-03:00" finish="2012-06-11T23:16:30.2753864-03:00" />
  <ResultSummary outcome="Completed">
    <Counters total="1" executed="1" passed="1" error="0" failed="0" timeout="0" aborted="0" inconclusive="0" passedButRunAborted="0" notRunnable="0" notExecuted="0" disconnected="0" warning="0" completed="0" inProgress="0" pending="0" />
  </ResultSummary>
  <TestDefinitions>
    <UnitTest name="TestMethod1" storage="c:\users\victor\desktop\ejemplos\modulo 7\modulo 7\7. unittestforwfprogram\bin\debug\unittestforwfprogram.dll" id="ff9e8c38-f44a-df59-e325-7ba9c28a0312">
      <Execution id="996e905e-08b2-44cb-961e-fbc49a58cb0c" />
      <TestMethod codeBase="C:/Users/Victor/Desktop/Ejemplos/Modulo 7/Modulo 7/7. UnitTestForWFProgram/bin/Debug/UnitTestForWFProgram.DLL" adapterTypeName="Microsoft.VisualStudio.TestTools.TestTypes.Unit.UnitTestAdapter, Microsoft.VisualStudio.QualityTools.Tips.UnitTest.Adapter, Version=10.0.0.0, Culture=neutral, PublicKeyToken=b03f5f7f11d50a3a" className="UnitTestForWFProgram.UnitTest1, UnitTestForWFProgram, Version=1.0.0.0, Culture=neutral, PublicKeyToken=null" name="TestMethod1" />
    </UnitTest>
  </TestDefinitions>
  <TestLists>
    <TestList name="Resultados que no están en la lista" id="8c84fa94-04c1-424b-9868-57a2d4851a1d" />
    <TestList name="Todos los resultados cargados" id="19431567-8539-422a-85d7-44ee4e166bda" />
  </TestLists>
  <TestEntries>
    <TestEntry testId="ff9e8c38-f44a-df59-e325-7ba9c28a0312" executionId="996e905e-08b2-44cb-961e-fbc49a58cb0c" testListId="8c84fa94-04c1-424b-9868-57a2d4851a1d" />
  </TestEntries>
  <Results>
    <UnitTestResult executionId="996e905e-08b2-44cb-961e-fbc49a58cb0c" testId="ff9e8c38-f44a-df59-e325-7ba9c28a0312" testName="TestMethod1" computerName="VICTOR-HP" duration="00:00:00.9691778" startTime="2012-06-11T23:16:26.5121711-03:00" endTime="2012-06-11T23:16:29.9823696-03:00" testType="13cdc9d9-ddb5-4fa4-a97d-d965ccfc6d4b" outcome="Passed" testListId="8c84fa94-04c1-424b-9868-57a2d4851a1d" relativeResultsDirectory="996e905e-08b2-44cb-961e-fbc49a58cb0c">
    </UnitTestResult>
  </Results>
</TestRun>